{"level":"info","message":"[APP] Starting server initialization","timestamp":"7:39:58 PM"}
{"level":"error","message":"[APP] initialization failed error","timestamp":"7:39:58 PM"}
{"level":"info","message":"[APP] Starting server initialization","timestamp":"7:42:04 PM"}
{"level":"error","message":"[APP] initialization failed error","timestamp":"7:42:04 PM"}
{"level":"info","message":"[APP] Starting server initialization","timestamp":"8:10:39 PM"}
{"level":"error","message":"[APP] initialization failed error","timestamp":"8:10:39 PM"}
{"level":"info","message":"[APP] Starting server initialization","timestamp":"8:12:05 PM"}
{"level":"error","message":"[APP] initialization failed error","timestamp":"8:12:05 PM"}
{"level":"info","message":"[APP] Starting server initialization","timestamp":"8:13:15 PM"}
{"level":"error","message":"[APP] initialization failed error","timestamp":"8:13:15 PM"}
{"level":"info","message":"[APP] Starting server initialization","timestamp":"8:15:53 PM"}
{"level":"error","message":"[APP] initialization failed error","timestamp":"8:15:53 PM"}
{"level":"info","message":"[APP] Starting server initialization","timestamp":"8:16:33 PM"}
{"level":"error","message":"[APP] initialization failed error","timestamp":"8:16:33 PM"}
{"level":"info","message":"[APP] Starting server initialization","timestamp":"8:22:35 PM"}
{"level":"info","message":"[APP] Starting server initialization","timestamp":"8:23:29 PM"}
{"level":"info","message":"[APP] Starting server initialization","timestamp":"8:33:39 PM"}
{"level":"info","message":"[APP] Starting server initialization","timestamp":"8:34:22 PM"}
{"level":"info","message":"[APP] Starting server initialization","timestamp":"8:44:23 PM"}
{"level":"info","message":"[APP] Starting server initialization","timestamp":"8:48:53 PM"}
{"level":"info","message":"[APP] initialized SUCCESSFULLY","timestamp":"8:48:53 PM"}
{"level":"info","message":"[APP] Starting server initialization","timestamp":"11:47:37 PM"}
{"level":"info","message":"[APP] initialized SUCCESSFULLY","timestamp":"11:47:37 PM"}
{"level":"info","message":"[APP] Starting server initialization","timestamp":"1:49:44 AM"}
{"level":"info","message":"[APP] Starting server initialization","timestamp":"1:53:35 AM"}
{"level":"info","message":"[APP] initialized SUCCESSFULLY","timestamp":"1:53:35 AM"}
